\BOOKMARK [1][-]{section.1}{Introduction}{}% 1
\BOOKMARK [1][-]{section.2}{Data Sources}{}% 2
\BOOKMARK [2][-]{subsection.2.1}{United States}{section.2}% 3
\BOOKMARK [3][-]{subsubsection.2.1.1}{Population Counts}{subsection.2.1}% 4
\BOOKMARK [3][-]{subsubsection.2.1.2}{Geographies}{subsection.2.1}% 5
\BOOKMARK [3][-]{subsubsection.2.1.3}{Microdata}{subsection.2.1}% 6
\BOOKMARK [3][-]{subsubsection.2.1.4}{Schools}{subsection.2.1}% 7
\BOOKMARK [3][-]{subsubsection.2.1.5}{Workplaces}{subsection.2.1}% 8
\BOOKMARK [2][-]{subsection.2.2}{IPUMS}{section.2}% 9
\BOOKMARK [3][-]{subsubsection.2.2.1}{Population Counts}{subsection.2.2}% 10
\BOOKMARK [3][-]{subsubsection.2.2.2}{Geography}{subsection.2.2}% 11
\BOOKMARK [3][-]{subsubsection.2.2.3}{Microdata}{subsection.2.2}% 12
\BOOKMARK [2][-]{subsection.2.3}{Canada}{section.2}% 13
\BOOKMARK [3][-]{subsubsection.2.3.1}{Population Counts}{subsection.2.3}% 14
\BOOKMARK [3][-]{subsubsection.2.3.2}{Geographies}{subsection.2.3}% 15
\BOOKMARK [3][-]{subsubsection.2.3.3}{Microdata}{subsection.2.3}% 16
\BOOKMARK [1][-]{section.3}{Methods}{}% 17
\BOOKMARK [2][-]{subsection.3.1}{Sample Households}{section.3}% 18
\BOOKMARK [3][-]{subsubsection.3.1.1}{Simple Random Sampling}{subsection.3.1}% 19
\BOOKMARK [3][-]{subsubsection.3.1.2}{Moment Matching}{subsection.3.1}% 20
\BOOKMARK [3][-]{subsubsection.3.1.3}{Iterative Proportional Fitting}{subsection.3.1}% 21
\BOOKMARK [2][-]{subsection.3.2}{Sample Locations}{section.3}% 22
\BOOKMARK [3][-]{subsubsection.3.2.1}{Uniform Location Sampling}{subsection.3.2}% 23
\BOOKMARK [3][-]{subsubsection.3.2.2}{Road Location Sampling}{subsection.3.2}% 24
\BOOKMARK [2][-]{subsection.3.3}{Sample People}{section.3}% 25
\BOOKMARK [2][-]{subsection.3.4}{School Assignments}{section.3}% 26
\BOOKMARK [2][-]{subsection.3.5}{Workplace Assignments}{section.3}% 27
\BOOKMARK [1][-]{section.4}{Output}{}% 28
\BOOKMARK [2][-]{subsection.4.1}{Directory Structure}{section.4}% 29
\BOOKMARK [2][-]{subsection.4.2}{Diagnostics}{section.4}% 30
\BOOKMARK [1][-]{appendix.A}{Codebook}{}% 31
\BOOKMARK [2][-]{subsection.A.1}{United States: American Community Survey}{appendix.A}% 32
\BOOKMARK [2][-]{subsection.A.2}{Canada: Public Use Microdata File}{appendix.A}% 33
\BOOKMARK [2][-]{subsection.A.3}{IPUMS: International Public Use Microdata Sample}{appendix.A}% 34
\BOOKMARK [1][-]{appendix.B}{SPEW Process Documentation}{}% 35
\BOOKMARK [2][-]{subsection.B.1}{Installing SPEW on Olympus}{appendix.B}% 36
\BOOKMARK [2][-]{subsection.B.2}{Calling SPEW}{appendix.B}% 37
\BOOKMARK [2][-]{subsection.B.3}{How SPEW works}{appendix.B}% 38
\BOOKMARK [1][-]{appendix.C}{Acknowledgements}{}% 39
